Removed Pin From Net: NetName=NetU2_40 Pin=U6-8
Removed Pin From Net: NetName=NetU2_39 Pin=U6-9
Removed Pin From Net: NetName=NetU2_51 Pin=U6-11
Removed Pin From Net: NetName=NetU2_50 Pin=U6-12
Removed Pin From Net: NetName=NetU2_59 Pin=U6-13
Removed Pin From Net: NetName=NetU2_58 Pin=U6-14
Removed Pin From Net: NetName=NetU2_63 Pin=U6-16
Removed Pin From Net: NetName=NetU2_62 Pin=U6-17
Removed Pin From Net: NetName=NetU2_67 Pin=U6-19
Removed Pin From Net: NetName=NetU2_66 Pin=U6-20
Removed Pin From Net: NetName=D11 Pin=U6-29
Removed Pin From Net: NetName=D10 Pin=U6-30
Removed Pin From Net: NetName=D9 Pin=U6-32
Removed Pin From Net: NetName=D8 Pin=U6-33
Removed Pin From Net: NetName=D7 Pin=U6-35
Removed Pin From Net: NetName=D6 Pin=U6-36
Removed Pin From Net: NetName=D5 Pin=U6-37
Removed Pin From Net: NetName=D4 Pin=U6-38
Removed Pin From Net: NetName=D3 Pin=U6-40
Removed Pin From Net: NetName=D2 Pin=U6-41
Removed Pin From Net: NetName=D1 Pin=U6-43
Removed Pin From Net: NetName=D0 Pin=U6-44
Added Pin To Net: NetName=NetU2_40 Pin=U6-5
Added Pin To Net: NetName=NetU2_39 Pin=U6-6
Added Pin To Net: NetName=NetU2_51 Pin=U6-8
Added Pin To Net: NetName=NetU2_50 Pin=U6-9
Added Pin To Net: NetName=NetU2_59 Pin=U6-11
Added Pin To Net: NetName=NetU2_58 Pin=U6-12
Added Pin To Net: NetName=NetU2_63 Pin=U6-13
Added Pin To Net: NetName=NetU2_62 Pin=U6-14
Added Pin To Net: NetName=NetU2_67 Pin=U6-16
Added Pin To Net: NetName=NetU2_66 Pin=U6-17
Added Pin To Net: NetName=D1 Pin=U6-29
Added Pin To Net: NetName=D0 Pin=U6-30
Added Pin To Net: NetName=D11 Pin=U6-32
Added Pin To Net: NetName=D10 Pin=U6-33
Added Pin To Net: NetName=D9 Pin=U6-35
Added Pin To Net: NetName=D8 Pin=U6-36
Added Pin To Net: NetName=D7 Pin=U6-37
Added Pin To Net: NetName=D6 Pin=U6-38
Added Pin To Net: NetName=D5 Pin=U6-40
Added Pin To Net: NetName=D4 Pin=U6-41
Added Pin To Net: NetName=D3 Pin=U6-43
Added Pin To Net: NetName=D2 Pin=U6-44
Added Pin To Net: NetName=D0B Pin=U2-29
Added Pin To Net: NetName=D0B Pin=U6-19
Added Net: Name=D0B
Added Pin To Net: NetName=D1B Pin=U2-28
Added Pin To Net: NetName=D1B Pin=U6-20
Added Net: Name=D1B
