Added Component: Designator=C1(0603)
Added Component: Designator=C2(0603)
Added Component: Designator=C3(0603)
Added Component: Designator=C4(0603)
Added Component: Designator=C5(0603)
Added Component: Designator=C6(0603)
Added Component: Designator=C7(0603)
Added Component: Designator=C8(0603)
Added Component: Designator=C9(0603)
Added Component: Designator=R2(0603)
Added Component: Designator=U3(DBV005)
Added Component: Designator=U5(D008_M)
Added Pin To Net: NetName=NetC1_1 Pin=C1-1
Added Pin To Net: NetName=GND Pin=C1-2
Added Pin To Net: NetName=3.3V Pin=C2-1
Added Pin To Net: NetName=GND Pin=C2-2
Added Pin To Net: NetName=GND Pin=C3-1
Added Pin To Net: NetName=VDDH3 Pin=C3-2
Added Pin To Net: NetName=3.3V Pin=C4-1
Added Pin To Net: NetName=GND Pin=C4-2
Added Pin To Net: NetName=GND Pin=C5-1
Added Pin To Net: NetName=VDDL38 Pin=C5-2
Added Pin To Net: NetName=GND Pin=C6-1
Added Pin To Net: NetName=VDDM Pin=C6-2
Added Pin To Net: NetName=3.3V Pin=C7-1
Added Pin To Net: NetName=GND Pin=C7-2
Added Pin To Net: NetName=VDDH3 Pin=C8-1
Added Pin To Net: NetName=GND Pin=C8-2
Added Pin To Net: NetName=VDDH3 Pin=C9-1
Added Pin To Net: NetName=GND Pin=C9-2
Added Pin To Net: NetName=FLAG2 Pin=R2-1
Added Pin To Net: NetName=3.3V Pin=R2-2
Added Pin To Net: NetName=3.3V Pin=U3-1
Added Pin To Net: NetName=GND Pin=U3-2
Added Pin To Net: NetName=FLAG3 Pin=U3-3
Added Pin To Net: NetName=NetC1_1 Pin=U3-4
Added Pin To Net: NetName=VDDH3 Pin=U3-5
Added Pin To Net: NetName=GND Pin=U5-1
Added Pin To Net: NetName=VDDM Pin=U5-2
Added Pin To Net: NetName=SCL1.8V Pin=U5-3
Added Pin To Net: NetName=SDA1.8V Pin=U5-4
Added Pin To Net: NetName=SDA3.3V Pin=U5-5
Added Pin To Net: NetName=SCL3.3V Pin=U5-6
Added Pin To Net: NetName=3.3V Pin=U5-7
Added Pin To Net: NetName=NetR4_2 Pin=U5-8
Added Member To Class: ClassName=IMX291 Member=Component C1 10nF
Added Member To Class: ClassName=IMX291 Member=Component C2 1uF
Added Member To Class: ClassName=IMX291 Member=Component C3 1uF
Added Member To Class: ClassName=IMX291 Member=Component C4 1uF
Added Member To Class: ClassName=IMX291 Member=Component C5 1uF
Added Member To Class: ClassName=IMX291 Member=Component C6 1uF
Added Member To Class: ClassName=IMX291 Member=Component C7 1uF
Added Member To Class: ClassName=IMX291 Member=Component C8 0.1uF
Added Member To Class: ClassName=IMX291 Member=Component C9 1.0uF
Added Member To Class: ClassName=IMX291 Member=Component R2 100k
Added Member To Class: ClassName=IMX291 Member=Component U3 LP3985_2.9
Added Member To Class: ClassName=IMX291 Member=Component U5 PCA9306
Added Room: Name=IMX291
