Change Component Library : Designator=P1 Old Library=IMX291.IntLib New Library=IMX291.SchLib
Change Component Library : Designator=R1 Old Library=IMX291.IntLib New Library=IMX291.SchLib
Change Component Library : Designator=R2 Old Library=IMX291.IntLib New Library=IMX291.SchLib
Change Component Library : Designator=R3 Old Library=IMX291.IntLib New Library=IMX291.SchLib
Change Component Library : Designator=R4 Old Library=IMX291.IntLib New Library=IMX291.SchLib
Change Component Library : Designator=R5 Old Library=IMX291.IntLib New Library=IMX291.SchLib
Change Component Library : Designator=R6 Old Library=IMX291.IntLib New Library=IMX291.SchLib
Change Component Library : Designator=R7 Old Library=IMX291.IntLib New Library=IMX291.SchLib
Change Component Library : Designator=R8 Old Library=IMX291.IntLib New Library=IMX291.SchLib
Change Component Library : Designator=J8 Old Library=Miscellaneous Connectors.IntLib New Library=IMX291.SchLib
Change Component Library : Designator=J9 Old Library=Miscellaneous Connectors.IntLib New Library=IMX291.SchLib
Change Component Library : Designator=P2 Old Library=Miscellaneous Connectors.IntLib New Library=IMX291.SchLib
Added Component: Designator=R11(0603)
Added Component: Designator=R12(0603)
Added Component: Designator=R13(0603)
Added Pin To Net: NetName=GND Pin=R11-1
Added Pin To Net: NetName=INCK Pin=R11-2
Added Pin To Net: NetName=3.3V Pin=R12-2
Added Pin To Net: NetName=GND Pin=R13-1
Added Pin To Net: NetName=OE_SHIFTERS Pin=R13-2
Added Member To Class: ClassName=IMX291 Member=Component R11 1K
Added Member To Class: ClassName=IMX291 Member=Component R12 1K
Added Member To Class: ClassName=IMX291 Member=Component R13 1K
