Change Physical Footprint: Designator=C1 Old Footprint=0402 New Footprint=0402
Change Physical Footprint: Designator=C2 Old Footprint=0402 New Footprint=0402
Change Physical Footprint: Designator=C3 Old Footprint=0402 New Footprint=0402
Change Physical Footprint: Designator=C4 Old Footprint=0402 New Footprint=0402
Change Physical Footprint: Designator=C5 Old Footprint=0402 New Footprint=0402
Change Physical Footprint: Designator=C6 Old Footprint=0402 New Footprint=0402
Change Physical Footprint: Designator=C7 Old Footprint=0402 New Footprint=0402
Change Physical Footprint: Designator=C8 Old Footprint=0402 New Footprint=0402
Change Physical Footprint: Designator=C9 Old Footprint=0402 New Footprint=0402
Change Physical Footprint: Designator=C10 Old Footprint=0402 New Footprint=0402
Change Physical Footprint: Designator=C11 Old Footprint=0402 New Footprint=0402
Change Physical Footprint: Designator=C12 Old Footprint=0402 New Footprint=0402
Change Physical Footprint: Designator=C13 Old Footprint=0402 New Footprint=0402
Change Physical Footprint: Designator=C14 Old Footprint=0402 New Footprint=0402
Change Physical Footprint: Designator=C15 Old Footprint=0402 New Footprint=0402
Change Physical Footprint: Designator=C16 Old Footprint=0402 New Footprint=0402
Change Physical Footprint: Designator=C17 Old Footprint=0402 New Footprint=0402
Change Physical Footprint: Designator=C18 Old Footprint=0402 New Footprint=0402
Change Physical Footprint: Designator=C19 Old Footprint=0402 New Footprint=0402
Change Physical Footprint: Designator=C20 Old Footprint=0402 New Footprint=0402
Change Physical Footprint: Designator=C21 Old Footprint=0402 New Footprint=0402
Change Physical Footprint: Designator=C22 Old Footprint=0402 New Footprint=0402
Change Physical Footprint: Designator=C23 Old Footprint=0402 New Footprint=0402
Change Physical Footprint: Designator=C24 Old Footprint=0402 New Footprint=0402
Change Physical Footprint: Designator=C25 Old Footprint=0402 New Footprint=0402
Change Physical Footprint: Designator=C26 Old Footprint=0402 New Footprint=0402
Change Physical Footprint: Designator=C27 Old Footprint=0402 New Footprint=0402
Change Physical Footprint: Designator=C28 Old Footprint=0402 New Footprint=0402
Change Physical Footprint: Designator=C29 Old Footprint=0402 New Footprint=0402
Change Physical Footprint: Designator=C30 Old Footprint=0402 New Footprint=0402
Change Physical Footprint: Designator=C31 Old Footprint=0402 New Footprint=0402
Change Physical Footprint: Designator=C32 Old Footprint=0402 New Footprint=0402
Change Physical Footprint: Designator=C33 Old Footprint=0402 New Footprint=0402
Change Physical Footprint: Designator=C34 Old Footprint=0402 New Footprint=0402
Change Physical Footprint: Designator=C35 Old Footprint=0402 New Footprint=0402
Change Physical Footprint: Designator=C36 Old Footprint=0402 New Footprint=0402
Change Physical Footprint: Designator=C37 Old Footprint=0402 New Footprint=0402
Change Physical Footprint: Designator=C38 Old Footprint=0402 New Footprint=0402
Change Physical Footprint: Designator=C39 Old Footprint=0402 New Footprint=0402
Change Physical Footprint: Designator=C40 Old Footprint=0402 New Footprint=0402
Change Physical Footprint: Designator=C41 Old Footprint=0402 New Footprint=0402
Change Physical Footprint: Designator=P1 Old Footprint=HEADER23X2 New Footprint=HEADER23X2
Change Physical Footprint: Designator=R1 Old Footprint=0402 New Footprint=0402
Change Physical Footprint: Designator=R2 Old Footprint=0402 New Footprint=0402
Change Physical Footprint: Designator=R3 Old Footprint=0402 New Footprint=0402
Change Physical Footprint: Designator=R4 Old Footprint=0402 New Footprint=0402
Change Physical Footprint: Designator=R5 Old Footprint=0402 New Footprint=0402
Change Physical Footprint: Designator=R6 Old Footprint=0402 New Footprint=0402
Change Physical Footprint: Designator=R7 Old Footprint=0603 New Footprint=0603
Change Physical Footprint: Designator=R8 Old Footprint=0603 New Footprint=0603
Change Physical Footprint: Designator=R11 Old Footprint=0402 New Footprint=0402
Change Physical Footprint: Designator=R12 Old Footprint=0402 New Footprint=0402
Change Physical Footprint: Designator=R13 Old Footprint=0402 New Footprint=0402
Change Physical Footprint: Designator=U1 Old Footprint=SOT23-6_M New Footprint=SOT23-6_M
Change Physical Footprint: Designator=U2 Old Footprint=LGA110C80P14X11_1200X930X350 New Footprint=LGA110C80P14X11_1200X930X350
Change Physical Footprint: Designator=U3 Old Footprint=DBV005 New Footprint=DBV005
Change Physical Footprint: Designator=U4 Old Footprint=DBV005 New Footprint=DBV005
Change Physical Footprint: Designator=U5 Old Footprint=D008_M New Footprint=D008_M
Change Physical Footprint: Designator=U6 Old Footprint=TSSOP48 New Footprint=TSSOP48
Change Physical Footprint: Designator=U7 Old Footprint=DBV005 New Footprint=DBV005
Change Physical Footprint: Designator=U8 Old Footprint=DSC1001 New Footprint=DSC1001
Change Physical Footprint: Designator=U9 Old Footprint=TSSOP14_M New Footprint=TSSOP14_M
Change Physical Footprint: Designator=U10 Old Footprint=DBV005 New Footprint=DBV005
