Change Component Footprint: Designator=C1 Old Footprint=1206 New Footprint=0603
Change Component Footprint: Designator=C2 Old Footprint=1206 New Footprint=0603
Change Component Footprint: Designator=C3 Old Footprint=1206 New Footprint=0603
Change Component Footprint: Designator=C5 Old Footprint=1206 New Footprint=0603
Change Component Footprint: Designator=C6 Old Footprint=1206 New Footprint=0603
Change Component Footprint: Designator=C7 Old Footprint=1206 New Footprint=0603
Change Component Footprint: Designator=C8 Old Footprint=1206 New Footprint=0603
Change Component Footprint: Designator=C9 Old Footprint=1206 New Footprint=0603
Added Component: Designator=C10(0603)
Added Component: Designator=C11(0603)
Added Component: Designator=C12(0603)
Added Component: Designator=C13(0603)
Added Component: Designator=C14(0603)
Added Component: Designator=C15(0603)
Added Component: Designator=C16(0603)
Added Component: Designator=C17(0603)
Added Component: Designator=C18(0603)
Added Component: Designator=C19(0603)
Added Component: Designator=C20(0603)
Added Component: Designator=C21(0603)
Added Component: Designator=C22(0603)
Added Component: Designator=C23(0603)
Added Component: Designator=C24(0603)
Added Component: Designator=C25(0603)
Added Component: Designator=C26(0603)
Added Component: Designator=C27(0603)
Added Component: Designator=C28(0603)
Added Component: Designator=C29(0603)
Added Component: Designator=C30(0603)
Added Component: Designator=C31(0603)
Added Component: Designator=C32(0603)
Added Component: Designator=C33(0603)
Added Component: Designator=C34(0603)
Added Component: Designator=C35(0603)
Added Component: Designator=C36(0603)
Added Component: Designator=C37(0603)
Added Component: Designator=C38(0603)
Added Component: Designator=C39(0603)
Added Component: Designator=C40(0603)
Added Pin To Net: NetName=GND Pin=C10-1
Added Pin To Net: NetName=VDDH3 Pin=C10-2
Added Pin To Net: NetName=GND Pin=C11-1
Added Pin To Net: NetName=VDDH3 Pin=C11-2
Added Pin To Net: NetName=GND Pin=C12-1
Added Pin To Net: NetName=VDDH3 Pin=C12-2
Added Pin To Net: NetName=GND Pin=C13-1
Added Pin To Net: NetName=VDDH3 Pin=C13-2
Added Pin To Net: NetName=GND Pin=C14-1
Added Pin To Net: NetName=VDDH3 Pin=C14-2
Added Pin To Net: NetName=GND Pin=C15-1
Added Pin To Net: NetName=VDDH3 Pin=C15-2
Added Pin To Net: NetName=GND Pin=C16-1
Added Pin To Net: NetName=VDDH3 Pin=C16-2
Added Pin To Net: NetName=GND Pin=C17-1
Added Pin To Net: NetName=VDDH3 Pin=C17-2
Added Pin To Net: NetName=GND Pin=C18-1
Added Pin To Net: NetName=VDDL38 Pin=C18-2
Added Pin To Net: NetName=GND Pin=C19-1
Added Pin To Net: NetName=VDDL38 Pin=C19-2
Added Pin To Net: NetName=GND Pin=C20-1
Added Pin To Net: NetName=VDDL38 Pin=C20-2
Added Pin To Net: NetName=GND Pin=C21-1
Added Pin To Net: NetName=VDDL38 Pin=C21-2
Added Pin To Net: NetName=GND Pin=C22-1
Added Pin To Net: NetName=VDDL38 Pin=C22-2
Added Pin To Net: NetName=GND Pin=C23-1
Added Pin To Net: NetName=VDDL38 Pin=C23-2
Added Pin To Net: NetName=GND Pin=C24-1
Added Pin To Net: NetName=VDDL38 Pin=C24-2
Added Pin To Net: NetName=GND Pin=C25-1
Added Pin To Net: NetName=VDDL38 Pin=C25-2
Added Pin To Net: NetName=GND Pin=C26-1
Added Pin To Net: NetName=VDDL38 Pin=C26-2
Added Pin To Net: NetName=GND Pin=C27-1
Added Pin To Net: NetName=VDDL38 Pin=C27-2
Added Pin To Net: NetName=GND Pin=C28-1
Added Pin To Net: NetName=VDDL38 Pin=C28-2
Added Pin To Net: NetName=GND Pin=C29-1
Added Pin To Net: NetName=VDDL38 Pin=C29-2
Added Pin To Net: NetName=GND Pin=C30-1
Added Pin To Net: NetName=VDDL38 Pin=C30-2
Added Pin To Net: NetName=GND Pin=C31-1
Added Pin To Net: NetName=VDDL38 Pin=C31-2
Added Pin To Net: NetName=GND Pin=C32-1
Added Pin To Net: NetName=VDDL38 Pin=C32-2
Added Pin To Net: NetName=GND Pin=C33-1
Added Pin To Net: NetName=VDDL38 Pin=C33-2
Added Pin To Net: NetName=VDDM Pin=C34-1
Added Pin To Net: NetName=GND Pin=C34-2
Added Pin To Net: NetName=VDDM Pin=C35-1
Added Pin To Net: NetName=GND Pin=C35-2
Added Pin To Net: NetName=GND Pin=C36-1
Added Pin To Net: NetName=VDDM Pin=C36-2
Added Pin To Net: NetName=NetC37_1 Pin=C37-1
Added Pin To Net: NetName=GND Pin=C37-2
Added Pin To Net: NetName=NetC38_1 Pin=C38-1
Added Pin To Net: NetName=GND Pin=C38-2
Added Pin To Net: NetName=NetC39_1 Pin=C39-1
Added Pin To Net: NetName=GND Pin=C39-2
Added Pin To Net: NetName=NetC40_1 Pin=C40-1
Added Pin To Net: NetName=GND Pin=C40-2
Added Member To Class: ClassName=IMX291 Member=Component C10 0.1uF
Added Member To Class: ClassName=IMX291 Member=Component C11 4.7uF
Added Member To Class: ClassName=IMX291 Member=Component C12 0.1uF
Added Member To Class: ClassName=IMX291 Member=Component C13 4.7uF
Added Member To Class: ClassName=IMX291 Member=Component C14 4.7uF
Added Member To Class: ClassName=IMX291 Member=Component C15 0.1uF
Added Member To Class: ClassName=IMX291 Member=Component C16 4.7uF
Added Member To Class: ClassName=IMX291 Member=Component C17 0.1uF
Added Member To Class: ClassName=IMX291 Member=Component C18 0.01uF
Added Member To Class: ClassName=IMX291 Member=Component C19 1.0uF
Added Member To Class: ClassName=IMX291 Member=Component C20 0.01uF
Added Member To Class: ClassName=IMX291 Member=Component C21 1.0uF
Added Member To Class: ClassName=IMX291 Member=Component C22 0.1uF
Added Member To Class: ClassName=IMX291 Member=Component C23 4.7uF
Added Member To Class: ClassName=IMX291 Member=Component C24 0.1uF
Added Member To Class: ClassName=IMX291 Member=Component C25 4.7uF
Added Member To Class: ClassName=IMX291 Member=Component C26 0.1uF
Added Member To Class: ClassName=IMX291 Member=Component C27 4.7uF
Added Member To Class: ClassName=IMX291 Member=Component C28 0.1uF
Added Member To Class: ClassName=IMX291 Member=Component C29 4.7uF
Added Member To Class: ClassName=IMX291 Member=Component C30 0.1uF
Added Member To Class: ClassName=IMX291 Member=Component C31 4.7uF
Added Member To Class: ClassName=IMX291 Member=Component C32 0.1uF
Added Member To Class: ClassName=IMX291 Member=Component C33 4.7uF
Added Member To Class: ClassName=IMX291 Member=Component C34 .01uF
Added Member To Class: ClassName=IMX291 Member=Component C35 4.7uF
Added Member To Class: ClassName=IMX291 Member=Component C36 18pF
Added Member To Class: ClassName=IMX291 Member=Component C37 1uF
Added Member To Class: ClassName=IMX291 Member=Component C38 1uF
Added Member To Class: ClassName=IMX291 Member=Component C39 1uF
Added Member To Class: ClassName=IMX291 Member=Component C40 0.22uF
