Added Parameter Type=1 to Part C13
Added Parameter Type=1 to Part C14
Added Parameter Type=1 to Part C15
Added Parameter Type=1 to Part C16
Added Parameter Type=1 to Part C17
Added Parameter Type=1 to Part C18
Added Parameter Type=1 to Part C19
Added Parameter Type= to Part C1
Added Parameter Type= to Part C2
Added Parameter Type= to Part C3
Added Parameter Type= to Part C4
Added Parameter Type= to Part C5
Added Parameter Type= to Part C6
Added Parameter Type= to Part C7
Added Parameter Type= to Part C8
Added Parameter Type= to Part C9
Added Parameter Type= to Part C10
Added Parameter Type= to Part C11
Added Parameter Type= to Part C12
Added Parameter Type= to Part C20
Added Parameter Type= to Part C21
Added Parameter Type= to Part C22
Added Parameter Type= to Part C23
Added Parameter Type= to Part C24
Added Parameter Type= to Part C25
Added Parameter Type= to Part C26
Added Parameter Type= to Part C27
Added Parameter Type= to Part C28
Added Parameter Type= to Part C29
Added Parameter Type= to Part C30
Added Parameter Type= to Part C31
Added Parameter Type= to Part C32
Added Parameter Type= to Part C33
Added Parameter Type= to Part C34
Added Parameter Type= to Part C35
Added Parameter Type= to Part C36
Added Parameter Type= to Part C37
Added Parameter Type= to Part C38
Added Parameter Type= to Part C39
Added Parameter Type= to Part C40
Added Parameter Type= to Part C41
Added Parameter Type= to Part J8
Added Parameter Type= to Part J9
Added Parameter Type= to Part P1
Added Parameter Type= to Part P2
Added Parameter Type= to Part R1
Added Parameter Type= to Part R2
Added Parameter Type= to Part R3
Added Parameter Type= to Part R4
Added Parameter Type= to Part R5
Added Parameter Type= to Part R6
Added Parameter Type= to Part R7
Added Parameter Type= to Part R8
Added Parameter Type= to Part R11
Added Parameter Type= to Part R12
Added Parameter Type= to Part R13
Added Parameter Type= to Part U1
Added Parameter Type= to Part U2
Added Parameter Type= to Part U3
Added Parameter Type= to Part U4
Added Parameter Type= to Part U5
Added Parameter Type= to Part U6
Added Parameter Type= to Part U7
Added Parameter Type= to Part U8
Added Parameter Type= to Part U9
Added Parameter Type= to Part U10
Added Parameter x-size=* to Part C32
Added Parameter x-size= to Part C1
Added Parameter x-size= to Part C2
Added Parameter x-size= to Part C3
Added Parameter x-size= to Part C4
Added Parameter x-size= to Part C5
Added Parameter x-size= to Part C6
Added Parameter x-size= to Part C7
Added Parameter x-size= to Part C8
Added Parameter x-size= to Part C9
Added Parameter x-size= to Part C10
Added Parameter x-size= to Part C11
Added Parameter x-size= to Part C12
Added Parameter x-size= to Part C13
Added Parameter x-size= to Part C14
Added Parameter x-size= to Part C15
Added Parameter x-size= to Part C16
Added Parameter x-size= to Part C17
Added Parameter x-size= to Part C18
Added Parameter x-size= to Part C19
Added Parameter x-size= to Part C20
Added Parameter x-size= to Part C21
Added Parameter x-size= to Part C22
Added Parameter x-size= to Part C23
Added Parameter x-size= to Part C24
Added Parameter x-size= to Part C25
Added Parameter x-size= to Part C26
Added Parameter x-size= to Part C27
Added Parameter x-size= to Part C28
Added Parameter x-size= to Part C29
Added Parameter x-size= to Part C30
Added Parameter x-size= to Part C31
Added Parameter x-size= to Part C33
Added Parameter x-size= to Part C34
Added Parameter x-size= to Part C35
Added Parameter x-size= to Part C36
Added Parameter x-size= to Part C37
Added Parameter x-size= to Part C38
Added Parameter x-size= to Part C39
Added Parameter x-size= to Part C40
Added Parameter x-size= to Part C41
Added Parameter x-size= to Part J8
Added Parameter x-size= to Part J9
Added Parameter x-size= to Part P1
Added Parameter x-size= to Part P2
Added Parameter x-size= to Part R1
Added Parameter x-size= to Part R2
Added Parameter x-size= to Part R3
Added Parameter x-size= to Part R4
Added Parameter x-size= to Part R5
Added Parameter x-size= to Part R6
Added Parameter x-size= to Part R7
Added Parameter x-size= to Part R8
Added Parameter x-size= to Part R11
Added Parameter x-size= to Part R12
Added Parameter x-size= to Part R13
Added Parameter x-size= to Part U1
Added Parameter x-size= to Part U2
Added Parameter x-size= to Part U3
Added Parameter x-size= to Part U4
Added Parameter x-size= to Part U5
Added Parameter x-size= to Part U6
Added Parameter x-size= to Part U7
Added Parameter x-size= to Part U8
Added Parameter x-size= to Part U9
Added Parameter x-size= to Part U10
Added Parameter y-size= to Part C1
Added Parameter y-size= to Part C2
Added Parameter y-size= to Part C3
Added Parameter y-size= to Part C4
Added Parameter y-size= to Part C5
Added Parameter y-size= to Part C6
Added Parameter y-size= to Part C7
Added Parameter y-size= to Part C8
Added Parameter y-size= to Part C9
Added Parameter y-size= to Part C10
Added Parameter y-size= to Part C11
Added Parameter y-size= to Part C12
Added Parameter y-size= to Part C13
Added Parameter y-size= to Part C14
Added Parameter y-size= to Part C15
Added Parameter y-size= to Part C16
Added Parameter y-size= to Part C17
Added Parameter y-size= to Part C18
Added Parameter y-size= to Part C19
Added Parameter y-size= to Part C20
Added Parameter y-size= to Part C21
Added Parameter y-size= to Part C22
Added Parameter y-size= to Part C23
Added Parameter y-size= to Part C24
Added Parameter y-size= to Part C25
Added Parameter y-size= to Part C26
Added Parameter y-size= to Part C27
Added Parameter y-size= to Part C28
Added Parameter y-size= to Part C29
Added Parameter y-size= to Part C30
Added Parameter y-size= to Part C31
Added Parameter y-size= to Part C32
Added Parameter y-size= to Part C33
Added Parameter y-size= to Part C34
Added Parameter y-size= to Part C35
Added Parameter y-size= to Part C36
Added Parameter y-size= to Part C37
Added Parameter y-size= to Part C38
Added Parameter y-size= to Part C39
Added Parameter y-size= to Part C40
Added Parameter y-size= to Part C41
Added Parameter y-size= to Part J8
Added Parameter y-size= to Part J9
Added Parameter y-size= to Part P1
Added Parameter y-size= to Part P2
Added Parameter y-size= to Part R1
Added Parameter y-size= to Part R2
Added Parameter y-size= to Part R3
Added Parameter y-size= to Part R4
Added Parameter y-size= to Part R5
Added Parameter y-size= to Part R6
Added Parameter y-size= to Part R7
Added Parameter y-size= to Part R8
Added Parameter y-size= to Part R11
Added Parameter y-size= to Part R12
Added Parameter y-size= to Part R13
Added Parameter y-size= to Part U1
Added Parameter y-size= to Part U2
Added Parameter y-size= to Part U3
Added Parameter y-size= to Part U4
Added Parameter y-size= to Part U5
Added Parameter y-size= to Part U6
Added Parameter y-size= to Part U7
Added Parameter y-size= to Part U8
Added Parameter y-size= to Part U9
Added Parameter y-size= to Part U10
