Change Net Name : Old Net Name=D0 New Net Name=D2
Change Net Name : Old Net Name=D1 New Net Name=D3
Change Net Name : Old Net Name=D2 New Net Name=D4
Change Net Name : Old Net Name=D3 New Net Name=D5
Change Net Name : Old Net Name=D4 New Net Name=D6
Change Net Name : Old Net Name=D5 New Net Name=D7
Change Net Name : Old Net Name=D6 New Net Name=D8
Change Net Name : Old Net Name=D7 New Net Name=D9
Added Pin To Net: NetName=D0 Pin=P1-27
Added Pin To Net: NetName=D0 Pin=U6-44
Added Net: Name=D0
Added Pin To Net: NetName=D1 Pin=P1-29
Added Pin To Net: NetName=D1 Pin=U6-43
Added Net: Name=D1
Added Pin To Net: NetName=D10 Pin=P1-28
Added Pin To Net: NetName=D10 Pin=U6-30
Added Net: Name=D10
Added Pin To Net: NetName=D11 Pin=P1-30
Added Pin To Net: NetName=D11 Pin=U6-29
Added Net: Name=D11
Added Pin To Net: NetName=NetU2_28 Pin=U2-28
Added Pin To Net: NetName=NetU2_28 Pin=U6-6
Added Net: Name=NetU2_28
Added Pin To Net: NetName=NetU2_29 Pin=U2-29
Added Pin To Net: NetName=NetU2_29 Pin=U6-5
Added Net: Name=NetU2_29
