Removed Pin From Net: NetName=FRAME_VALID Pin=U6-8
Removed Pin From Net: NetName=LINE_VALID Pin=U6-9
Removed Pin From Net: NetName=NetU2_40 Pin=U6-11
Removed Pin From Net: NetName=NetU2_39 Pin=U6-12
Removed Pin From Net: NetName=NetU2_51 Pin=U6-13
Removed Pin From Net: NetName=NetU2_50 Pin=U6-14
Removed Pin From Net: NetName=NetU2_59 Pin=U6-16
Removed Pin From Net: NetName=NetU2_58 Pin=U6-17
Removed Pin From Net: NetName=NetU2_63 Pin=U6-19
Removed Pin From Net: NetName=NetU2_62 Pin=U6-20
Removed Pin From Net: NetName=NetU2_67 Pin=U6-22
Removed Pin From Net: NetName=NetU2_66 Pin=U6-23
Removed Pin From Net: NetName=D9 Pin=U6-26
Removed Pin From Net: NetName=D8 Pin=U6-27
Removed Pin From Net: NetName=D7 Pin=U6-29
Removed Pin From Net: NetName=D6 Pin=U6-30
Removed Pin From Net: NetName=D5 Pin=U6-32
Removed Pin From Net: NetName=D4 Pin=U6-33
Removed Pin From Net: NetName=D3 Pin=U6-35
Removed Pin From Net: NetName=D2 Pin=U6-36
Added Pin To Net: NetName=NetU2_40 Pin=U6-8
Added Pin To Net: NetName=NetU2_39 Pin=U6-9
Added Pin To Net: NetName=NetU2_51 Pin=U6-11
Added Pin To Net: NetName=NetU2_50 Pin=U6-12
Added Pin To Net: NetName=NetU2_59 Pin=U6-13
Added Pin To Net: NetName=NetU2_58 Pin=U6-14
Added Pin To Net: NetName=NetU2_63 Pin=U6-16
Added Pin To Net: NetName=NetU2_62 Pin=U6-17
Added Pin To Net: NetName=NetU2_67 Pin=U6-19
Added Pin To Net: NetName=NetU2_66 Pin=U6-20
Added Pin To Net: NetName=FRAME_VALID Pin=U6-22
Added Pin To Net: NetName=LINE_VALID Pin=U6-23
Added Pin To Net: NetName=D9 Pin=U6-29
Added Pin To Net: NetName=D8 Pin=U6-30
Added Pin To Net: NetName=D7 Pin=U6-32
Added Pin To Net: NetName=D6 Pin=U6-33
Added Pin To Net: NetName=D5 Pin=U6-35
Added Pin To Net: NetName=D4 Pin=U6-36
Added Pin To Net: NetName=D3 Pin=U6-37
Added Pin To Net: NetName=D2 Pin=U6-38
Change Net Name : Old Net Name=FRAME_VALID3.3 New Net Name=D0
Change Net Name : Old Net Name=LINE_VALID3.3 New Net Name=D1
Added Pin To Net: NetName=FRAME_VALID3.3 Pin=P1-21
Added Pin To Net: NetName=FRAME_VALID3.3 Pin=U6-27
Added Net: Name=FRAME_VALID3.3
Added Pin To Net: NetName=LINE_VALID3.3 Pin=P1-20
Added Pin To Net: NetName=LINE_VALID3.3 Pin=U6-26
Added Net: Name=LINE_VALID3.3
Added Member To Class: ClassName=IMX291 Member=Component P1 FEMALE HEADER 2x23
