Change Value of Parameter Type in Part C1 Old= New=1
Change Value of Parameter Type in Part C2 Old= New=1
Change Value of Parameter Type in Part C3 Old= New=1
Change Value of Parameter Type in Part C4 Old= New=1
Change Value of Parameter Type in Part C5 Old= New=1
Change Value of Parameter Type in Part C6 Old= New=1
Change Value of Parameter Type in Part C7 Old= New=1
Change Value of Parameter Type in Part C8 Old= New=1
Change Value of Parameter Type in Part C9 Old= New=1
Change Value of Parameter Type in Part C10 Old= New=1
Change Value of Parameter Type in Part C11 Old= New=1
Change Value of Parameter Type in Part C12 Old= New=1
Change Value of Parameter Type in Part C20 Old= New=1
Change Value of Parameter Type in Part C21 Old= New=1
Change Value of Parameter Type in Part C22 Old= New=1
Change Value of Parameter Type in Part C23 Old= New=1
Change Value of Parameter Type in Part C24 Old= New=1
Change Value of Parameter Type in Part C25 Old= New=1
Change Value of Parameter Type in Part C26 Old= New=1
Change Value of Parameter Type in Part C27 Old= New=1
Change Value of Parameter Type in Part C28 Old= New=1
Change Value of Parameter Type in Part C29 Old= New=1
Change Value of Parameter Type in Part C30 Old= New=1
Change Value of Parameter Type in Part C31 Old= New=1
Change Value of Parameter Type in Part C32 Old= New=1
Change Value of Parameter Type in Part C33 Old= New=1
Change Value of Parameter Type in Part C34 Old= New=1
Change Value of Parameter Type in Part C35 Old= New=1
Change Value of Parameter Type in Part C36 Old= New=1
Change Value of Parameter Type in Part C37 Old= New=1
Change Value of Parameter Type in Part C38 Old= New=1
Change Value of Parameter Type in Part C39 Old= New=1
Change Value of Parameter Type in Part C40 Old= New=1
Change Value of Parameter Type in Part C41 Old= New=1
Change Value of Parameter Type in Part J8 Old= New=2
Change Value of Parameter Type in Part J9 Old= New=2
Change Value of Parameter Type in Part P1 Old= New=2
Change Value of Parameter Type in Part P2 Old= New=2
Change Value of Parameter Type in Part R1 Old= New=1
Change Value of Parameter Type in Part R2 Old= New=1
Change Value of Parameter Type in Part R3 Old= New=1
Change Value of Parameter Type in Part R4 Old= New=1
Change Value of Parameter Type in Part R5 Old= New=1
Change Value of Parameter Type in Part R6 Old= New=1
Change Value of Parameter Type in Part R7 Old= New=1
Change Value of Parameter Type in Part R8 Old= New=1
Change Value of Parameter Type in Part R11 Old= New=1
Change Value of Parameter Type in Part R12 Old= New=1
Change Value of Parameter Type in Part R13 Old= New=1
Change Value of Parameter Type in Part U1 Old= New=1
Change Value of Parameter Type in Part U2 Old= New=1
Change Value of Parameter Type in Part U3 Old= New=1
Change Value of Parameter Type in Part U4 Old= New=1
Change Value of Parameter Type in Part U5 Old= New=1
Change Value of Parameter Type in Part U6 Old= New=1
Change Value of Parameter Type in Part U7 Old= New=1
Change Value of Parameter Type in Part U8 Old= New=1
Change Value of Parameter Type in Part U9 Old= New=1
Change Value of Parameter Type in Part U10 Old= New=1
