Change Value of Parameter x-size in Part C1 Old= New=39.3701
Change Value of Parameter y-size in Part C1 Old= New=19.685
Change Value of Parameter x-size in Part C2 Old= New=39.3701
Change Value of Parameter y-size in Part C2 Old= New=19.685
Change Value of Parameter x-size in Part C3 Old= New=39.3701
Change Value of Parameter y-size in Part C3 Old= New=19.685
Change Value of Parameter x-size in Part C4 Old= New=39.3701
Change Value of Parameter y-size in Part C4 Old= New=19.685
Change Value of Parameter x-size in Part C5 Old= New=39.3701
Change Value of Parameter y-size in Part C5 Old= New=19.685
Change Value of Parameter x-size in Part C6 Old= New=39.3701
Change Value of Parameter y-size in Part C6 Old= New=19.685
Change Value of Parameter x-size in Part C7 Old= New=39.3701
Change Value of Parameter y-size in Part C7 Old= New=19.685
Change Value of Parameter x-size in Part C8 Old= New=39.3701
Change Value of Parameter y-size in Part C8 Old= New=19.685
Change Value of Parameter x-size in Part C9 Old= New=39.3701
Change Value of Parameter y-size in Part C9 Old= New=19.685
Change Value of Parameter x-size in Part C10 Old= New=39.3701
Change Value of Parameter y-size in Part C10 Old= New=19.685
Change Value of Parameter x-size in Part C11 Old= New=39.3701
Change Value of Parameter y-size in Part C11 Old= New=19.685
Change Value of Parameter x-size in Part C12 Old= New=39.3701
Change Value of Parameter y-size in Part C12 Old= New=19.685
Change Value of Parameter x-size in Part C13 Old= New=39.3701
Change Value of Parameter y-size in Part C13 Old= New=19.685
Change Value of Parameter x-size in Part C14 Old= New=39.3701
Change Value of Parameter y-size in Part C14 Old= New=19.685
Change Value of Parameter x-size in Part C15 Old= New=39.3701
Change Value of Parameter y-size in Part C15 Old= New=19.685
Change Value of Parameter x-size in Part C16 Old= New=39.3701
Change Value of Parameter y-size in Part C16 Old= New=19.685
Change Value of Parameter x-size in Part C17 Old= New=39.3701
Change Value of Parameter y-size in Part C17 Old= New=19.685
Change Value of Parameter x-size in Part C18 Old= New=39.3701
Change Value of Parameter y-size in Part C18 Old= New=19.685
Change Value of Parameter x-size in Part C19 Old= New=39.3701
Change Value of Parameter y-size in Part C19 Old= New=19.685
Change Value of Parameter x-size in Part C20 Old= New=39.3701
Change Value of Parameter y-size in Part C20 Old= New=19.685
Change Value of Parameter x-size in Part C21 Old= New=39.3701
Change Value of Parameter y-size in Part C21 Old= New=19.685
Change Value of Parameter x-size in Part C22 Old= New=39.3701
Change Value of Parameter y-size in Part C22 Old= New=19.685
Change Value of Parameter x-size in Part C23 Old= New=39.3701
Change Value of Parameter y-size in Part C23 Old= New=19.685
Change Value of Parameter x-size in Part C24 Old= New=39.3701
Change Value of Parameter y-size in Part C24 Old= New=19.685
Change Value of Parameter x-size in Part C25 Old= New=39.3701
Change Value of Parameter y-size in Part C25 Old= New=19.685
Change Value of Parameter x-size in Part C26 Old= New=39.3701
Change Value of Parameter y-size in Part C26 Old= New=19.685
Change Value of Parameter x-size in Part C27 Old= New=39.3701
Change Value of Parameter y-size in Part C27 Old= New=19.685
Change Value of Parameter x-size in Part C28 Old= New=39.3701
Change Value of Parameter y-size in Part C28 Old= New=19.685
Change Value of Parameter x-size in Part C29 Old= New=39.3701
Change Value of Parameter y-size in Part C29 Old= New=19.685
Change Value of Parameter x-size in Part C30 Old= New=39.3701
Change Value of Parameter y-size in Part C30 Old= New=19.685
Change Value of Parameter x-size in Part C31 Old= New=39.3701
Change Value of Parameter y-size in Part C31 Old= New=19.685
Change Value of Parameter x-size in Part C32 Old= New=39.3701
Change Value of Parameter y-size in Part C32 Old= New=19.685
Change Value of Parameter x-size in Part C33 Old= New=39.3701
Change Value of Parameter y-size in Part C33 Old= New=19.685
Change Value of Parameter x-size in Part C34 Old= New=39.3701
Change Value of Parameter y-size in Part C34 Old= New=19.685
Change Value of Parameter x-size in Part C35 Old= New=39.3701
Change Value of Parameter y-size in Part C35 Old= New=19.685
Change Value of Parameter x-size in Part C36 Old= New=39.3701
Change Value of Parameter y-size in Part C36 Old= New=19.685
Change Value of Parameter x-size in Part C37 Old= New=39.3701
Change Value of Parameter y-size in Part C37 Old= New=19.685
Change Value of Parameter x-size in Part C38 Old= New=39.3701
Change Value of Parameter y-size in Part C38 Old= New=19.685
Change Value of Parameter x-size in Part C39 Old= New=39.3701
Change Value of Parameter y-size in Part C39 Old= New=19.685
Change Value of Parameter x-size in Part C40 Old= New=39.3701
Change Value of Parameter y-size in Part C40 Old= New=19.685
Change Value of Parameter x-size in Part C41 Old= New=39.3701
Change Value of Parameter y-size in Part C41 Old= New=19.685
Change Value of Parameter x-size in Part R1 Old= New=39.3701
Change Value of Parameter y-size in Part R1 Old= New=19.685
Change Value of Parameter x-size in Part R2 Old= New=39.3701
Change Value of Parameter y-size in Part R2 Old= New=19.685
Change Value of Parameter x-size in Part R3 Old= New=39.3701
Change Value of Parameter y-size in Part R3 Old= New=19.685
Change Value of Parameter x-size in Part R4 Old= New=39.3701
Change Value of Parameter y-size in Part R4 Old= New=19.685
Change Value of Parameter x-size in Part R5 Old= New=39.3701
Change Value of Parameter y-size in Part R5 Old= New=19.685
Change Value of Parameter x-size in Part R6 Old= New=39.3701
Change Value of Parameter y-size in Part R6 Old= New=19.685
Change Value of Parameter x-size in Part R7 Old= New=39.3701
Change Value of Parameter y-size in Part R7 Old= New=19.685
Change Value of Parameter x-size in Part R8 Old= New=39.3701
Change Value of Parameter y-size in Part R8 Old= New=19.685
Change Value of Parameter x-size in Part R11 Old= New=39.3701
Change Value of Parameter y-size in Part R11 Old= New=19.685
Change Value of Parameter x-size in Part R12 Old= New=39.3701
Change Value of Parameter y-size in Part R12 Old= New=19.685
Change Value of Parameter x-size in Part R13 Old= New=39.3701
Change Value of Parameter y-size in Part R13 Old= New=19.685
Change Value of Parameter x-size in Part U2 Old= New=472.441
Change Value of Parameter y-size in Part U2 Old= New=366.142
