Removed Pin From Net: NetName=GND Pin=P2-1
Removed Pin From Net: NetName=GND Pin=P2-2
Removed Pin From Net: NetName=OE_SHIFTERS Pin=P2-11
Removed Pin From Net: NetName=PWR_EN3.3 Pin=P2-12
Removed Pin From Net: NetName=LINE_VALID3.3 Pin=P2-20
Removed Pin From Net: NetName=FRAME_VALID3.3 Pin=P2-21
Removed Pin From Net: NetName=D9 Pin=P2-27
Removed Pin From Net: NetName=D8 Pin=P2-29
Removed Pin From Net: NetName=D6 Pin=P2-39
Removed Pin From Net: NetName=D7 Pin=P2-40
Removed Pin From Net: NetName=D4 Pin=P2-41
Removed Pin From Net: NetName=D5 Pin=P2-42
Removed Pin From Net: NetName=D2 Pin=P2-43
Removed Pin From Net: NetName=D3 Pin=P2-44
Removed Pin From Net: NetName=D0 Pin=P2-45
Removed Pin From Net: NetName=D1 Pin=P2-46
Removed Pin From Net: NetName=D9 Pin=U6-29
Removed Pin From Net: NetName=D8 Pin=U6-30
Removed Pin From Net: NetName=D7 Pin=U6-32
Removed Pin From Net: NetName=D6 Pin=U6-33
Removed Pin From Net: NetName=D5 Pin=U6-35
Removed Pin From Net: NetName=D4 Pin=U6-36
Removed Pin From Net: NetName=D3 Pin=U6-37
Removed Pin From Net: NetName=D2 Pin=U6-38
Removed Pin From Net: NetName=D1 Pin=U6-40
Removed Pin From Net: NetName=D0 Pin=U6-41
Change Component DesignItemId : Designator=P2 Old DesignItemId=HDR_46_F_2_0.1_0.1 New DesignItemId=Header 16X2
Change Component Comment : Designator=P2 Old Comment=FEMALE HEADER 2x23 New Comment=Header 16X2 (BBB P9)
Change Component Description : Designator=P2 Old Description=CONN HEADER FMAL 46PS.1" DL GOLD New Description=Header, 16-Pin, Dual row
Added Component: Designator=P1(HEADER23X2)
Added Pin To Net: NetName=GND Pin=P1-1
Added Pin To Net: NetName=GND Pin=P1-2
Added Pin To Net: NetName=OE_SHIFTERS Pin=P1-11
Added Pin To Net: NetName=PWR_EN3.3 Pin=P1-12
Added Pin To Net: NetName=LINE_VALID3.3 Pin=P1-20
Added Pin To Net: NetName=FRAME_VALID3.3 Pin=P1-21
Added Pin To Net: NetName=D0 Pin=P1-27
Added Pin To Net: NetName=D1 Pin=P1-29
Added Pin To Net: NetName=D8 Pin=P1-39
Added Pin To Net: NetName=D9 Pin=P1-40
Added Pin To Net: NetName=D6 Pin=P1-41
Added Pin To Net: NetName=D7 Pin=P1-42
Added Pin To Net: NetName=D4 Pin=P1-43
Added Pin To Net: NetName=D5 Pin=P1-44
Added Pin To Net: NetName=D2 Pin=P1-45
Added Pin To Net: NetName=D3 Pin=P1-46
Added Pin To Net: NetName=3.3V Pin=P2-3
Added Pin To Net: NetName=3.3V Pin=P2-4
Added Pin To Net: NetName=SCL3.3V Pin=P2-19
Added Pin To Net: NetName=SDA3.3V Pin=P2-20
Added Pin To Net: NetName=CLK_ENABLE Pin=P2-27
Added Pin To Net: NetName=XCE3.3 Pin=P2-28
Added Pin To Net: NetName=OMODE3.3 Pin=P2-29
Added Pin To Net: NetName=XCLR3.3 Pin=P2-30
Added Pin To Net: NetName=D9 Pin=U6-32
Added Pin To Net: NetName=D8 Pin=U6-33
Added Pin To Net: NetName=D7 Pin=U6-35
Added Pin To Net: NetName=D6 Pin=U6-36
Added Pin To Net: NetName=D5 Pin=U6-37
Added Pin To Net: NetName=D4 Pin=U6-38
Added Pin To Net: NetName=D3 Pin=U6-40
Added Pin To Net: NetName=D2 Pin=U6-41
Added Pin To Net: NetName=D1 Pin=U6-43
Added Pin To Net: NetName=D0 Pin=U6-44
Added Pin To Net: NetName=D10 Pin=P1-28
Added Pin To Net: NetName=D10 Pin=U6-30
Added Net: Name=D10
Added Pin To Net: NetName=D11 Pin=P1-30
Added Pin To Net: NetName=D11 Pin=U6-29
Added Net: Name=D11
Added Pin To Net: NetName=NetU2_28 Pin=U2-28
Added Pin To Net: NetName=NetU2_28 Pin=U6-6
Added Net: Name=NetU2_28
Added Pin To Net: NetName=NetU2_29 Pin=U2-29
Added Pin To Net: NetName=NetU2_29 Pin=U6-5
Added Net: Name=NetU2_29
Added Room: Name=IMX291
